<?xml version="1.0" encoding="UTF-8"?>
<testng-results skipped="0" failed="1" total="1" passed="0">
  <reporter-output>
  </reporter-output>
  <suite name="Default suite" duration-ms="464" started-at="2019-04-04T12:48:17Z" finished-at="2019-04-04T12:48:18Z">
    <groups>
    </groups>
    <test name="Default test" duration-ms="464" started-at="2019-04-04T12:48:17Z" finished-at="2019-04-04T12:48:18Z">
      <class name="apireqres.ReadAPI">
        <test-method status="PASS" signature="report()[pri:0, instance:apireqres.ReadAPI@4cc0edeb]" name="report" is-config="true" duration-ms="397" started-at="2019-04-04T18:18:17Z" finished-at="2019-04-04T18:18:17Z">
          <reporter-output>
          </reporter-output>
        </test-method> <!-- report -->
        <test-method status="FAIL" signature="validateAPIdetailsway2()[pri:0, instance:apireqres.ReadAPI@4cc0edeb]" name="validateAPIdetailsway2" duration-ms="21" started-at="2019-04-04T18:18:17Z" finished-at="2019-04-04T18:18:18Z">
          <exception class="java.lang.ClassCastException">
            <message>
              <![CDATA[org.json.simple.JSONArray cannot be cast to java.lang.String]]>
            </message>
            <full-stacktrace>
              <![CDATA[java.lang.ClassCastException: org.json.simple.JSONArray cannot be cast to java.lang.String
	at apireqres.ReadAPI.validateAPIdetailsway2(ReadAPI.java:74)
	at sun.reflect.NativeMethodAccessorImpl.invoke0(Native Method)
	at sun.reflect.NativeMethodAccessorImpl.invoke(Unknown Source)
	at sun.reflect.DelegatingMethodAccessorImpl.invoke(Unknown Source)
	at java.lang.reflect.Method.invoke(Unknown Source)
	at org.testng.internal.MethodInvocationHelper.invokeMethod(MethodInvocationHelper.java:100)
	at org.testng.internal.Invoker.invokeMethod(Invoker.java:646)
	at org.testng.internal.Invoker.invokeTestMethod(Invoker.java:811)
	at org.testng.internal.Invoker.invokeTestMethods(Invoker.java:1137)
	at org.testng.internal.TestMethodWorker.invokeTestMethods(TestMethodWorker.java:129)
	at org.testng.internal.TestMethodWorker.run(TestMethodWorker.java:112)
	at org.testng.TestRunner.privateRun(TestRunner.java:753)
	at org.testng.TestRunner.run(TestRunner.java:607)
	at org.testng.SuiteRunner.runTest(SuiteRunner.java:368)
	at org.testng.SuiteRunner.runSequentially(SuiteRunner.java:363)
	at org.testng.SuiteRunner.privateRun(SuiteRunner.java:321)
	at org.testng.SuiteRunner.run(SuiteRunner.java:270)
	at org.testng.SuiteRunnerWorker.runSuite(SuiteRunnerWorker.java:52)
	at org.testng.SuiteRunnerWorker.run(SuiteRunnerWorker.java:86)
	at org.testng.TestNG.runSuitesSequentially(TestNG.java:1284)
	at org.testng.TestNG.runSuitesLocally(TestNG.java:1209)
	at org.testng.TestNG.runSuites(TestNG.java:1124)
	at org.testng.TestNG.run(TestNG.java:1096)
	at org.testng.remote.AbstractRemoteTestNG.run(AbstractRemoteTestNG.java:132)
	at org.testng.remote.RemoteTestNG.initAndRun(RemoteTestNG.java:236)
	at org.testng.remote.RemoteTestNG.main(RemoteTestNG.java:81)
]]>
            </full-stacktrace>
          </exception> <!-- java.lang.ClassCastException -->
          <reporter-output>
          </reporter-output>
        </test-method> <!-- validateAPIdetailsway2 -->
      </class> <!-- apireqres.ReadAPI -->
    </test> <!-- Default test -->
  </suite> <!-- Default suite -->
</testng-results>
